<?xml version="1.0" encoding="UTF-8"?>
<!-- Generated by org.testng.reporters.JUnitReportReporter -->
<testsuite hostname="DESKTOP-B0AM9G5" failures="0" tests="6" name="testcases.TC_05_Bottomlinktest" time="353.420" errors="0" timestamp="2024-02-14T23:27:05 IST" skipped="0">
  <testcase classname="testcases.TC_05_Bottomlinktest" name="verify_order_purchase_menuitems" time="63.522"/>
  <testcase classname="testcases.TC_05_Bottomlinktest" name="verify_patnership_details" time="55.362"/>
  <testcase classname="testcases.TC_05_Bottomlinktest" name="verify_support_service_details" time="69.422"/>
  <testcase classname="testcases.TC_05_Bottomlinktest" name="verify_reward_membership_details" time="66.059"/>
  <testcase classname="testcases.TC_05_Bottomlinktest" name="verify_payment_details" time="45.620"/>
  <testcase classname="testcases.TC_05_Bottomlinktest" name="verify_BestBuy_details" time="53.435"/>
  <system-out>
    <![CDATA[Welcome to loginpage
Welcome to loginpage
Welcome to loginpage
Welcome to loginpage]]>
  </system-out>
</testsuite> <!-- testcases.TC_05_Bottomlinktest -->
