<?xml version="1.0" encoding="UTF-8"?>
<!-- Generated by org.testng.reporters.JUnitReportReporter -->
<testsuite hostname="DESKTOP-B0AM9G5" failures="0" tests="1" name="testcases.TC_07_checkoutpagetest" time="253.018" errors="0" timestamp="2024-02-14T23:27:05 IST" skipped="0">
  <testcase classname="testcases.TC_07_checkoutpagetest" name="checkout_the_addingitems" time="253.018"/>
  <system-out>
    <![CDATA[Welcome to loginpage
Welcome to loginpage
Welcome to loginpage
Welcome to loginpage]]>
  </system-out>
</testsuite> <!-- testcases.TC_07_checkoutpagetest -->
