<?xml version="1.0" encoding="UTF-8"?>
<!-- Generated by org.testng.reporters.JUnitReportReporter -->
<testsuite hostname="DESKTOP-B0AM9G5" failures="0" tests="3" name="testcases.TC_04Loginnegativecases" time="284.762" errors="0" timestamp="2024-02-14T23:27:05 IST" skipped="0">
  <testcase classname="testcases.TC_04Loginnegativecases" name="Loginpage" time="101.268">
    <system-out>
      <![CDATA[Welcome to loginpage]]>
    </system-out>
  </testcase> <!-- Loginpage -->
  <testcase classname="testcases.TC_04Loginnegativecases" name="Loginpage" time="89.527">
    <system-out>
      <![CDATA[Welcome to loginpage]]>
    </system-out>
  </testcase> <!-- Loginpage -->
  <testcase classname="testcases.TC_04Loginnegativecases" name="Loginpage" time="93.967">
    <system-out>
      <![CDATA[Welcome to loginpage]]>
    </system-out>
  </testcase> <!-- Loginpage -->
  <system-out>
    <![CDATA[Welcome to loginpage
Welcome to loginpage
Welcome to loginpage
Welcome to loginpage]]>
  </system-out>
</testsuite> <!-- testcases.TC_04Loginnegativecases -->
