<?xml version="1.0" encoding="UTF-8"?>
<!-- Generated by org.testng.reporters.JUnitReportReporter -->
<testsuite hostname="DESKTOP-B0AM9G5" failures="0" tests="3" name="testcases.TC_04Loginnegativecases" time="214.786" errors="0" timestamp="2024-02-15T00:58:57 IST" skipped="0">
  <testcase classname="testcases.TC_04Loginnegativecases" name="Loginpage" time="57.482">
    <system-out>
      <![CDATA[Welcome to loginpage]]>
    </system-out>
  </testcase> <!-- Loginpage -->
  <testcase classname="testcases.TC_04Loginnegativecases" name="Loginpage" time="88.100">
    <system-out>
      <![CDATA[Welcome to loginpage]]>
    </system-out>
  </testcase> <!-- Loginpage -->
  <testcase classname="testcases.TC_04Loginnegativecases" name="Loginpage" time="69.204">
    <system-out>
      <![CDATA[Welcome to loginpage]]>
    </system-out>
  </testcase> <!-- Loginpage -->
  <system-out>
    <![CDATA[Welcome to loginpage
Welcome to loginpage
Welcome to loginpage
Welcome to loginpage]]>
  </system-out>
</testsuite> <!-- testcases.TC_04Loginnegativecases -->
