<?xml version="1.0" encoding="UTF-8"?>
<!-- Generated by org.testng.reporters.JUnitReportReporter -->
<testsuite hostname="DESKTOP-B0AM9G5" failures="0" tests="1" name="testcases.TC_02_Loginpagetest" time="76.700" errors="0" timestamp="2024-02-15T00:58:57 IST" skipped="0">
  <testcase classname="testcases.TC_02_Loginpagetest" name="Loginpage" time="76.700">
    <system-out>
      <![CDATA[Welcome to loginpage]]>
    </system-out>
  </testcase> <!-- Loginpage -->
  <system-out>
    <![CDATA[Welcome to loginpage
Welcome to loginpage
Welcome to loginpage
Welcome to loginpage]]>
  </system-out>
</testsuite> <!-- testcases.TC_02_Loginpagetest -->
