<?xml version="1.0" encoding="UTF-8"?>
<!-- Generated by org.testng.reporters.JUnitReportReporter -->
<testsuite hostname="DESKTOP-B0AM9G5" failures="0" tests="6" name="testcases.TC_05_Bottomlinktest" time="253.017" errors="0" timestamp="2024-02-15T00:58:57 IST" skipped="0">
  <testcase classname="testcases.TC_05_Bottomlinktest" name="verify_reward_membership_details" time="45.218"/>
  <testcase classname="testcases.TC_05_Bottomlinktest" name="verify_BestBuy_details" time="54.158"/>
  <testcase classname="testcases.TC_05_Bottomlinktest" name="verify_support_service_details" time="31.014"/>
  <testcase classname="testcases.TC_05_Bottomlinktest" name="verify_payment_details" time="45.508"/>
  <testcase classname="testcases.TC_05_Bottomlinktest" name="verify_order_purchase_menuitems" time="41.732"/>
  <testcase classname="testcases.TC_05_Bottomlinktest" name="verify_patnership_details" time="35.387"/>
  <system-out>
    <![CDATA[Welcome to loginpage
Welcome to loginpage
Welcome to loginpage
Welcome to loginpage]]>
  </system-out>
</testsuite> <!-- testcases.TC_05_Bottomlinktest -->
